2024-10-05 21:57:36,218 - INFO - INFO - 05/10/2024 21:57:36 : Index leak_model already exists, skipping creation.
2024-10-05 21:57:36,222 - INFO - INFO - 05/10/2024 21:57:36 : Index generic_model already exists, skipping creation.
2024-10-05 21:58:30,864 - INFO - INFO - 05/10/2024 21:58:30 : Index leak_model already exists, skipping creation.
2024-10-05 21:58:30,867 - INFO - INFO - 05/10/2024 21:58:30 : Index generic_model already exists, skipping creation.
2024-10-05 21:58:30,930 - INFO - INFO - 05/10/2024 21:58:30 : :::::::::::::::::::::::
2024-10-05 21:58:30,930 - INFO - INFO - 05/10/2024 21:58:30 : 2.55
2024-10-05 21:58:30,930 - INFO - INFO - 05/10/2024 21:58:30 : :::::::::::::::::::::::
2024-10-05 22:07:44,103 - INFO - INFO - 05/10/2024 22:07:44 : Index leak_model already exists, skipping creation.
2024-10-05 22:07:44,106 - INFO - INFO - 05/10/2024 22:07:44 : Index generic_model already exists, skipping creation.
2024-10-05 22:16:00,117 - INFO - INFO - 05/10/2024 22:16:00 : Index leak_model already exists, skipping creation.
2024-10-05 22:16:00,120 - INFO - INFO - 05/10/2024 22:16:00 : Index generic_model already exists, skipping creation.
2024-10-05 22:16:34,766 - INFO - INFO - 05/10/2024 22:16:34 : Index leak_model already exists, skipping creation.
2024-10-05 22:16:34,769 - INFO - INFO - 05/10/2024 22:16:34 : Index generic_model already exists, skipping creation.
2024-10-05 22:18:09,159 - INFO - INFO - 05/10/2024 22:18:09 : Index leak_model already exists, skipping creation.
2024-10-05 22:18:09,163 - INFO - INFO - 05/10/2024 22:18:09 : Index generic_model already exists, skipping creation.
2024-10-05 22:18:54,281 - INFO - INFO - 05/10/2024 22:18:54 : Index leak_model already exists, skipping creation.
2024-10-05 22:18:54,284 - INFO - INFO - 05/10/2024 22:18:54 : Index generic_model already exists, skipping creation.
2024-10-05 22:20:49,856 - INFO - INFO - 05/10/2024 22:20:49 : Index leak_model already exists, skipping creation.
2024-10-05 22:20:49,859 - INFO - INFO - 05/10/2024 22:20:49 : Index generic_model already exists, skipping creation.
2024-10-05 22:21:02,793 - INFO - INFO - 05/10/2024 22:21:02 : Index leak_model already exists, skipping creation.
2024-10-05 22:21:02,795 - INFO - INFO - 05/10/2024 22:21:02 : Index generic_model already exists, skipping creation.
2024-10-05 22:21:52,467 - INFO - INFO - 05/10/2024 22:21:52 : Index leak_model already exists, skipping creation.
2024-10-05 22:21:52,470 - INFO - INFO - 05/10/2024 22:21:52 : Index generic_model already exists, skipping creation.
2024-10-05 22:22:31,020 - INFO - INFO - 05/10/2024 22:22:31 : Index leak_model already exists, skipping creation.
2024-10-05 22:22:31,023 - INFO - INFO - 05/10/2024 22:22:31 : Index generic_model already exists, skipping creation.
2024-10-05 22:23:18,947 - INFO - INFO - 05/10/2024 22:23:18 : Index leak_model already exists, skipping creation.
2024-10-05 22:23:18,951 - INFO - INFO - 05/10/2024 22:23:18 : Index generic_model already exists, skipping creation.
2024-10-05 22:23:42,323 - INFO - INFO - 05/10/2024 22:23:42 : Index leak_model already exists, skipping creation.
2024-10-05 22:23:42,326 - INFO - INFO - 05/10/2024 22:23:42 : Index generic_model already exists, skipping creation.
2024-10-05 22:24:20,630 - INFO - INFO - 05/10/2024 22:24:20 : Index leak_model already exists, skipping creation.
2024-10-05 22:24:20,634 - INFO - INFO - 05/10/2024 22:24:20 : Index generic_model already exists, skipping creation.
2024-10-05 22:24:43,983 - INFO - INFO - 05/10/2024 22:24:43 : Index leak_model already exists, skipping creation.
2024-10-05 22:24:43,986 - INFO - INFO - 05/10/2024 22:24:43 : Index generic_model already exists, skipping creation.
2024-10-05 22:25:49,788 - INFO - INFO - 05/10/2024 22:25:49 : Index leak_model already exists, skipping creation.
2024-10-05 22:25:49,792 - INFO - INFO - 05/10/2024 22:25:49 : Index generic_model already exists, skipping creation.
2024-10-05 22:26:12,049 - INFO - INFO - 05/10/2024 22:26:12 : Index leak_model already exists, skipping creation.
2024-10-05 22:26:12,053 - INFO - INFO - 05/10/2024 22:26:12 : Index generic_model already exists, skipping creation.
2024-10-05 22:27:26,652 - INFO - INFO - 05/10/2024 22:27:26 : Index leak_model already exists, skipping creation.
2024-10-05 22:27:26,655 - INFO - INFO - 05/10/2024 22:27:26 : Index generic_model already exists, skipping creation.
2024-10-05 22:28:12,130 - INFO - INFO - 05/10/2024 22:28:12 : Index leak_model already exists, skipping creation.
2024-10-05 22:28:12,133 - INFO - INFO - 05/10/2024 22:28:12 : Index generic_model already exists, skipping creation.
2024-10-05 22:28:56,311 - INFO - INFO - 05/10/2024 22:28:56 : Index leak_model already exists, skipping creation.
2024-10-05 22:28:56,314 - INFO - INFO - 05/10/2024 22:28:56 : Index generic_model already exists, skipping creation.
2024-10-05 22:29:51,167 - ERROR - ERROR - 05/10/2024 22:29:51 : ELASTIC 1 : Initialization failed: Connection error caused by: ConnectionError(Connection error caused by: NewConnectionError(<urllib3.connection.HTTPConnection object at 0x71ef90c9fd90>: Failed to establish a new connection: [Errno 111] Connection refused))
2024-10-05 22:29:51,169 - ERROR - ERROR - 05/10/2024 22:29:51 : ELASTIC 3 : [5] Something unexpected happened while reading : Connection error caused by: ConnectionError(Connection error caused by: NewConnectionError(<urllib3.connection.HTTPConnection object at 0x71ef90caba90>: Failed to establish a new connection: [Errno 111] Connection refused))
2024-10-05 22:29:52,327 - ERROR - ERROR - 05/10/2024 22:29:52 : ELASTIC 3 : [5] Something unexpected happened while reading : Connection error caused by: ConnectionError(Connection error caused by: NewConnectionError(<urllib3.connection.HTTPConnection object at 0x71ef90bc05e0>: Failed to establish a new connection: [Errno 111] Connection refused))
2024-10-05 22:29:55,964 - INFO - INFO - 05/10/2024 22:29:55 : Index leak_model already exists, skipping creation.
2024-10-05 22:29:55,968 - INFO - INFO - 05/10/2024 22:29:55 : Index generic_model already exists, skipping creation.
2024-10-05 22:30:44,932 - INFO - INFO - 05/10/2024 22:30:44 : Index leak_model already exists, skipping creation.
2024-10-05 22:30:44,935 - INFO - INFO - 05/10/2024 22:30:44 : Index generic_model already exists, skipping creation.
2024-10-05 22:32:28,712 - ERROR - ERROR - 05/10/2024 22:32:28 : ELASTIC 1 : Initialization failed: Connection error caused by: ConnectionError(Connection error caused by: NewConnectionError(<urllib3.connection.HTTPConnection object at 0x72aa7699ec10>: Failed to establish a new connection: [Errno 111] Connection refused))
2024-10-05 22:32:28,715 - ERROR - ERROR - 05/10/2024 22:32:28 : ELASTIC 3 : [5] Something unexpected happened while reading : Connection error caused by: ConnectionError(Connection error caused by: NewConnectionError(<urllib3.connection.HTTPConnection object at 0x72aa769ad940>: Failed to establish a new connection: [Errno 111] Connection refused))
2024-10-05 22:32:29,786 - ERROR - ERROR - 05/10/2024 22:32:29 : ELASTIC 3 : [5] Something unexpected happened while reading : Connection error caused by: ConnectionError(Connection error caused by: NewConnectionError(<urllib3.connection.HTTPConnection object at 0x72aa76927a30>: Failed to establish a new connection: [Errno 111] Connection refused))
2024-10-05 22:32:33,285 - INFO - INFO - 05/10/2024 22:32:33 : Index leak_model already exists, skipping creation.
2024-10-05 22:32:33,289 - INFO - INFO - 05/10/2024 22:32:33 : Index generic_model already exists, skipping creation.
2024-10-05 22:38:02,312 - ERROR - ERROR - 05/10/2024 22:38:02 : ELASTIC 1 : Initialization failed: Connection error caused by: ConnectionError(Connection error caused by: NameResolutionError(<urllib3.connection.HTTPConnection object at 0x7cc522197e50>: Failed to resolve 'elasticsearch' ([Errno -3] Temporary failure in name resolution)))
2024-10-05 22:38:38,436 - ERROR - ERROR - 05/10/2024 22:38:38 : ELASTIC 1 : Initialization failed: Connection error caused by: ConnectionError(Connection error caused by: NewConnectionError(<urllib3.connection.HTTPConnection object at 0x75db6a09fc10>: Failed to establish a new connection: [Errno 111] Connection refused))
2024-10-05 22:38:38,438 - ERROR - ERROR - 05/10/2024 22:38:38 : ELASTIC 3 : [5] Something unexpected happened while reading : Connection error caused by: ConnectionError(Connection error caused by: NewConnectionError(<urllib3.connection.HTTPConnection object at 0x75db6a0ae940>: Failed to establish a new connection: [Errno 111] Connection refused))
2024-10-05 22:38:43,634 - INFO - INFO - 05/10/2024 22:38:43 : Index leak_model already exists, skipping creation.
2024-10-05 22:38:43,637 - INFO - INFO - 05/10/2024 22:38:43 : Index generic_model already exists, skipping creation.
2024-10-05 22:39:44,554 - INFO - INFO - 05/10/2024 22:39:44 : Index leak_model already exists, skipping creation.
2024-10-05 22:39:44,558 - INFO - INFO - 05/10/2024 22:39:44 : Index generic_model already exists, skipping creation.
2024-10-05 22:39:44,957 - INFO - INFO - 05/10/2024 22:39:44 : Index leak_model already exists, skipping creation.
2024-10-05 22:39:44,960 - INFO - INFO - 05/10/2024 22:39:44 : Index generic_model already exists, skipping creation.
2024-10-05 22:42:12,665 - INFO - INFO - 05/10/2024 22:42:12 : Index leak_model already exists, skipping creation.
2024-10-05 22:42:12,667 - INFO - INFO - 05/10/2024 22:42:12 : Index generic_model already exists, skipping creation.
2024-10-05 22:43:30,699 - INFO - INFO - 05/10/2024 22:43:30 : Index leak_model already exists, skipping creation.
2024-10-05 22:43:30,702 - INFO - INFO - 05/10/2024 22:43:30 : Index generic_model already exists, skipping creation.
2024-10-05 22:43:37,734 - INFO - INFO - 05/10/2024 22:43:37 : Index leak_model already exists, skipping creation.
2024-10-05 22:43:37,737 - INFO - INFO - 05/10/2024 22:43:37 : Index generic_model already exists, skipping creation.
2024-10-05 22:43:44,714 - INFO - INFO - 05/10/2024 22:43:44 : Index leak_model already exists, skipping creation.
2024-10-05 22:43:44,716 - INFO - INFO - 05/10/2024 22:43:44 : Index generic_model already exists, skipping creation.
2024-10-05 22:44:20,717 - INFO - INFO - 05/10/2024 22:44:20 : Index leak_model already exists, skipping creation.
2024-10-05 22:44:20,720 - INFO - INFO - 05/10/2024 22:44:20 : Index generic_model already exists, skipping creation.
2024-10-05 22:44:26,997 - INFO - INFO - 05/10/2024 22:44:26 : Index leak_model already exists, skipping creation.
2024-10-05 22:44:26,999 - INFO - INFO - 05/10/2024 22:44:26 : Index generic_model already exists, skipping creation.
2024-10-05 22:45:13,093 - INFO - INFO - 05/10/2024 22:45:13 : Index leak_model already exists, skipping creation.
2024-10-05 22:45:13,095 - INFO - INFO - 05/10/2024 22:45:13 : Index generic_model already exists, skipping creation.
2024-10-05 22:45:28,222 - INFO - INFO - 05/10/2024 22:45:28 : Index leak_model already exists, skipping creation.
2024-10-05 22:45:28,224 - INFO - INFO - 05/10/2024 22:45:28 : Index generic_model already exists, skipping creation.
2024-10-05 22:46:08,854 - INFO - INFO - 05/10/2024 22:46:08 : Index leak_model already exists, skipping creation.
2024-10-05 22:46:08,856 - INFO - INFO - 05/10/2024 22:46:08 : Index generic_model already exists, skipping creation.
2024-10-05 22:50:36,895 - INFO - INFO - 05/10/2024 22:50:36 : Index leak_model already exists, skipping creation.
2024-10-05 22:50:36,897 - INFO - INFO - 05/10/2024 22:50:36 : Index generic_model already exists, skipping creation.
2024-10-05 22:51:16,011 - INFO - INFO - 05/10/2024 22:51:16 : Index leak_model already exists, skipping creation.
2024-10-05 22:51:16,014 - INFO - INFO - 05/10/2024 22:51:16 : Index generic_model already exists, skipping creation.
2024-10-05 22:54:49,304 - INFO - INFO - 05/10/2024 22:54:49 : Index leak_model already exists, skipping creation.
2024-10-05 22:54:49,308 - INFO - INFO - 05/10/2024 22:54:49 : Index generic_model already exists, skipping creation.
2024-10-05 22:55:20,193 - INFO - INFO - 05/10/2024 22:55:20 : Index leak_model already exists, skipping creation.
2024-10-05 22:55:20,196 - INFO - INFO - 05/10/2024 22:55:20 : Index generic_model already exists, skipping creation.
2024-10-05 22:57:57,328 - INFO - INFO - 05/10/2024 22:57:57 : Index leak_model already exists, skipping creation.
2024-10-05 22:57:57,332 - INFO - INFO - 05/10/2024 22:57:57 : Index generic_model already exists, skipping creation.
2024-10-05 22:59:59,626 - INFO - INFO - 05/10/2024 22:59:59 : Index leak_model already exists, skipping creation.
2024-10-05 22:59:59,629 - INFO - INFO - 05/10/2024 22:59:59 : Index generic_model already exists, skipping creation.
2024-10-05 23:00:50,730 - INFO - INFO - 05/10/2024 23:00:50 : Index leak_model already exists, skipping creation.
2024-10-05 23:00:50,733 - INFO - INFO - 05/10/2024 23:00:50 : Index generic_model already exists, skipping creation.
2024-10-05 23:03:51,288 - INFO - INFO - 05/10/2024 23:03:51 : Index leak_model already exists, skipping creation.
2024-10-05 23:03:51,291 - INFO - INFO - 05/10/2024 23:03:51 : Index generic_model already exists, skipping creation.
2024-10-05 23:03:52,632 - INFO - INFO - 05/10/2024 23:03:52 : Index leak_model already exists, skipping creation.
2024-10-05 23:03:52,636 - INFO - INFO - 05/10/2024 23:03:52 : Index generic_model already exists, skipping creation.
2024-10-05 23:04:43,965 - INFO - INFO - 05/10/2024 23:04:43 : Index leak_model already exists, skipping creation.
2024-10-05 23:04:43,972 - INFO - INFO - 05/10/2024 23:04:43 : Index generic_model already exists, skipping creation.
2024-10-05 23:04:46,213 - INFO - INFO - 05/10/2024 23:04:46 : Index leak_model already exists, skipping creation.
2024-10-05 23:04:46,216 - INFO - INFO - 05/10/2024 23:04:46 : Index generic_model already exists, skipping creation.
2024-10-05 23:11:57,812 - INFO - INFO - 05/10/2024 23:11:57 : Index leak_model already exists, skipping creation.
2024-10-05 23:11:57,815 - INFO - INFO - 05/10/2024 23:11:57 : Index generic_model already exists, skipping creation.
2024-10-05 23:11:58,421 - INFO - INFO - 05/10/2024 23:11:58 : Index leak_model already exists, skipping creation.
2024-10-05 23:11:58,424 - INFO - INFO - 05/10/2024 23:11:58 : Index generic_model already exists, skipping creation.
2024-10-05 23:13:17,380 - INFO - INFO - 05/10/2024 23:13:17 : Index leak_model already exists, skipping creation.
2024-10-05 23:13:17,386 - INFO - INFO - 05/10/2024 23:13:17 : Index generic_model already exists, skipping creation.
2024-10-05 23:13:19,515 - INFO - INFO - 05/10/2024 23:13:19 : Index leak_model already exists, skipping creation.
2024-10-05 23:13:19,519 - INFO - INFO - 05/10/2024 23:13:19 : Index generic_model already exists, skipping creation.
2024-10-05 23:14:03,917 - ERROR - ERROR - 05/10/2024 23:14:03 : ELASTIC 1 : Initialization failed: Connection error caused by: ConnectionError(Connection error caused by: NewConnectionError(<urllib3.connection.HTTPConnection object at 0x74812b39fa60>: Failed to establish a new connection: [Errno 111] Connection refused))
2024-10-05 23:14:03,920 - ERROR - ERROR - 05/10/2024 23:14:03 : ELASTIC 3 : [5] Something unexpected happened while reading : Connection error caused by: ConnectionError(Connection error caused by: NewConnectionError(<urllib3.connection.HTTPConnection object at 0x74812b3b17c0>: Failed to establish a new connection: [Errno 111] Connection refused))
2024-10-05 23:14:06,895 - INFO - INFO - 05/10/2024 23:14:06 : Index leak_model already exists, skipping creation.
2024-10-05 23:14:06,898 - INFO - INFO - 05/10/2024 23:14:06 : Index generic_model already exists, skipping creation.
2024-10-05 23:14:37,925 - ERROR - ERROR - 05/10/2024 23:14:37 : ELASTIC 3 : [5] Something unexpected happened while reading : NotFoundError(404, 'index_not_found_exception', 'no such index [leak_model]', leak_model, index_or_alias)
2024-10-05 23:19:28,806 - INFO - INFO - 05/10/2024 23:19:28 : Created index: leak_model with mapping
2024-10-05 23:19:28,809 - INFO - INFO - 05/10/2024 23:19:28 : Index generic_model already exists, skipping creation.
2024-10-05 23:21:04,231 - INFO - INFO - 05/10/2024 23:21:04 : Index leak_model already exists, skipping creation.
2024-10-05 23:21:04,234 - INFO - INFO - 05/10/2024 23:21:04 : Index generic_model already exists, skipping creation.
2024-10-05 23:22:27,709 - INFO - INFO - 05/10/2024 23:22:27 : Created index: leak_model with mapping
2024-10-05 23:22:27,712 - INFO - INFO - 05/10/2024 23:22:27 : Index generic_model already exists, skipping creation.
2024-10-05 23:26:22,738 - ERROR - ERROR - 05/10/2024 23:26:22 : ELASTIC 1 : Initialization failed: Connection error caused by: ConnectionError(Connection error caused by: NewConnectionError(<urllib3.connection.HTTPConnection object at 0x7f494601cd90>: Failed to establish a new connection: [Errno 111] Connection refused))
2024-10-05 23:26:22,741 - ERROR - ERROR - 05/10/2024 23:26:22 : ELASTIC 3 : [5] Something unexpected happened while reading : Connection error caused by: ConnectionError(Connection error caused by: NewConnectionError(<urllib3.connection.HTTPConnection object at 0x7f494602aa60>: Failed to establish a new connection: [Errno 111] Connection refused))
2024-10-05 23:26:24,266 - ERROR - ERROR - 05/10/2024 23:26:24 : ELASTIC 3 : [5] Something unexpected happened while reading : Connection error caused by: ConnectionError(Connection error caused by: NewConnectionError(<urllib3.connection.HTTPConnection object at 0x7f4945faa940>: Failed to establish a new connection: [Errno 111] Connection refused))
2024-10-05 23:26:27,205 - INFO - INFO - 05/10/2024 23:26:27 : Index leak_model already exists, skipping creation.
2024-10-05 23:26:27,208 - INFO - INFO - 05/10/2024 23:26:27 : Index generic_model already exists, skipping creation.
2024-10-05 23:28:38,796 - INFO - INFO - 05/10/2024 23:28:38 : Index leak_model already exists, skipping creation.
2024-10-05 23:28:38,798 - INFO - INFO - 05/10/2024 23:28:38 : Index generic_model already exists, skipping creation.
2024-10-05 23:28:40,605 - INFO - INFO - 05/10/2024 23:28:40 : Index leak_model already exists, skipping creation.
2024-10-05 23:28:40,608 - INFO - INFO - 05/10/2024 23:28:40 : Index generic_model already exists, skipping creation.
2024-10-05 23:31:05,541 - INFO - INFO - 05/10/2024 23:31:05 : Index leak_model already exists, skipping creation.
2024-10-05 23:31:05,544 - INFO - INFO - 05/10/2024 23:31:05 : Index generic_model already exists, skipping creation.
2024-10-05 23:31:47,194 - INFO - INFO - 05/10/2024 23:31:47 : Index leak_model already exists, skipping creation.
2024-10-05 23:31:47,197 - INFO - INFO - 05/10/2024 23:31:47 : Index generic_model already exists, skipping creation.
2024-10-05 23:31:50,754 - INFO - INFO - 05/10/2024 23:31:50 : Index leak_model already exists, skipping creation.
2024-10-05 23:31:50,757 - INFO - INFO - 05/10/2024 23:31:50 : Index generic_model already exists, skipping creation.
2024-10-05 23:36:55,956 - ERROR - ERROR - 05/10/2024 23:36:55 : ELASTIC 1 : Initialization failed: Connection error caused by: ConnectionError(Connection error caused by: NewConnectionError(<urllib3.connection.HTTPConnection object at 0x77562c11fca0>: Failed to establish a new connection: [Errno 111] Connection refused))
2024-10-05 23:36:55,958 - ERROR - ERROR - 05/10/2024 23:36:55 : ELASTIC 3 : [5] Something unexpected happened while reading : Connection error caused by: ConnectionError(Connection error caused by: NewConnectionError(<urllib3.connection.HTTPConnection object at 0x77562c12f970>: Failed to establish a new connection: [Errno 111] Connection refused))
2024-10-05 23:36:59,103 - INFO - INFO - 05/10/2024 23:36:59 : Index leak_model already exists, skipping creation.
2024-10-05 23:36:59,106 - INFO - INFO - 05/10/2024 23:36:59 : Index generic_model already exists, skipping creation.
2024-10-05 23:37:57,656 - INFO - INFO - 05/10/2024 23:37:57 : Index leak_model already exists, skipping creation.
2024-10-05 23:37:57,659 - INFO - INFO - 05/10/2024 23:37:57 : Index generic_model already exists, skipping creation.
2024-10-05 23:37:58,302 - INFO - INFO - 05/10/2024 23:37:58 : Index leak_model already exists, skipping creation.
2024-10-05 23:37:58,305 - INFO - INFO - 05/10/2024 23:37:58 : Index generic_model already exists, skipping creation.
2024-10-05 23:39:01,012 - ERROR - ERROR - 05/10/2024 23:39:01 : ELASTIC 1 : Initialization failed: Connection error caused by: ConnectionError(Connection error caused by: NewConnectionError(<urllib3.connection.HTTPConnection object at 0x7b7c2815ec10>: Failed to establish a new connection: [Errno 111] Connection refused))
2024-10-05 23:39:01,015 - ERROR - ERROR - 05/10/2024 23:39:01 : ELASTIC 3 : [5] Something unexpected happened while reading : Connection error caused by: ConnectionError(Connection error caused by: NewConnectionError(<urllib3.connection.HTTPConnection object at 0x7b7c2816e940>: Failed to establish a new connection: [Errno 111] Connection refused))
2024-10-05 23:39:02,646 - ERROR - ERROR - 05/10/2024 23:39:02 : ELASTIC 3 : [5] Something unexpected happened while reading : ApiError(503, 'search_phase_execution_exception', None)
2024-10-05 23:39:05,383 - INFO - INFO - 05/10/2024 23:39:05 : Index leak_model already exists, skipping creation.
2024-10-05 23:39:05,387 - INFO - INFO - 05/10/2024 23:39:05 : Index generic_model already exists, skipping creation.
